0 info it worked if it ends with ok
1 verbose cli [ 'C:\\Program Files\\nodejs\\\\node.exe',
1 verbose cli   'C:\\Program Files\\nodejs\\node_modules\\npm\\bin\\npm-cli.js',
1 verbose cli   'publish',
1 verbose cli   '.' ]
2 info using npm@1.4.28
3 info using node@v0.10.32
4 verbose node symlink C:\Program Files\nodejs\\node.exe
5 verbose publish [ '.' ]
6 verbose cache add [ '.', null ]
7 verbose cache add name=undefined spec="." args=[".",null]
8 verbose parsed url { protocol: null,
8 verbose parsed url   slashes: null,
8 verbose parsed url   auth: null,
8 verbose parsed url   host: null,
8 verbose parsed url   port: null,
8 verbose parsed url   hostname: null,
8 verbose parsed url   hash: null,
8 verbose parsed url   search: null,
8 verbose parsed url   query: null,
8 verbose parsed url   pathname: '.',
8 verbose parsed url   path: '.',
8 verbose parsed url   href: '.' }
9 silly lockFile 3a52ce78- .
10 verbose lock . C:\Users\Administrator\AppData\Roaming\npm-cache\3a52ce78-.lock
11 verbose tar pack [ 'C:\\Users\\Administrator\\AppData\\Roaming\\npm-cache\\cordova-plugin-app-update\\0.0.1\\package.tgz',
11 verbose tar pack   '.' ]
12 verbose tarball C:\Users\Administrator\AppData\Roaming\npm-cache\cordova-plugin-app-update\0.0.1\package.tgz
13 verbose folder .
14 info prepublish cordova-plugin-app-update@0.0.1
15 silly lockFile 1f1177db-tar tar://.
16 verbose lock tar://. C:\Users\Administrator\AppData\Roaming\npm-cache\1f1177db-tar.lock
17 silly lockFile e5a892b2-gin-app-update-0-0-1-package-tgz tar://C:\Users\Administrator\AppData\Roaming\npm-cache\cordova-plugin-app-update\0.0.1\package.tgz
18 verbose lock tar://C:\Users\Administrator\AppData\Roaming\npm-cache\cordova-plugin-app-update\0.0.1\package.tgz C:\Users\Administrator\AppData\Roaming\npm-cache\e5a892b2-gin-app-update-0-0-1-package-tgz.lock
19 silly lockFile 1f1177db-tar tar://.
20 silly lockFile 1f1177db-tar tar://.
21 silly lockFile e5a892b2-gin-app-update-0-0-1-package-tgz tar://C:\Users\Administrator\AppData\Roaming\npm-cache\cordova-plugin-app-update\0.0.1\package.tgz
22 silly lockFile e5a892b2-gin-app-update-0-0-1-package-tgz tar://C:\Users\Administrator\AppData\Roaming\npm-cache\cordova-plugin-app-update\0.0.1\package.tgz
23 silly lockFile b4ff400a--plugin-app-update-0-0-1-package C:\Users\Administrator\AppData\Roaming\npm-cache\cordova-plugin-app-update\0.0.1\package
24 verbose lock C:\Users\Administrator\AppData\Roaming\npm-cache\cordova-plugin-app-update\0.0.1\package C:\Users\Administrator\AppData\Roaming\npm-cache\b4ff400a--plugin-app-update-0-0-1-package.lock
25 silly lockFile b4ff400a--plugin-app-update-0-0-1-package C:\Users\Administrator\AppData\Roaming\npm-cache\cordova-plugin-app-update\0.0.1\package
26 silly lockFile b4ff400a--plugin-app-update-0-0-1-package C:\Users\Administrator\AppData\Roaming\npm-cache\cordova-plugin-app-update\0.0.1\package
27 silly lockFile 3a52ce78- .
28 silly lockFile 3a52ce78- .
29 silly publish { name: 'cordova-plugin-app-update',
29 silly publish   version: '0.0.1',
29 silly publish   description: 'Cordova App Update',
29 silly publish   cordova: { id: 'cordova-plugin-app-update', platforms: [ 'android' ] },
29 silly publish   repository:
29 silly publish    { type: 'git',
29 silly publish      url: 'git+https://github.com/vaenow/cordova-plugin-app-update.git' },
29 silly publish   keywords:
29 silly publish    [ 'cordova',
29 silly publish      'app',
29 silly publish      'auto',
29 silly publish      'update',
29 silly publish      'updater',
29 silly publish      'ecosystem:cordova',
29 silly publish      'cordova-android' ],
29 silly publish   author: { name: 'vaenow' },
29 silly publish   license: 'MIT',
29 silly publish   bugs: { url: 'https://github.com/vaenow/cordova-plugin-app-update/issues' },
29 silly publish   homepage: 'https://github.com/vaenow/cordova-plugin-app-update#readme',
29 silly publish   readme: '# cordova-plugin-app-update\r\nauto detect app update for cordova\r\n\r\n#Install\r\n###Latest published version on npm (with Cordova CLI >= 5.0.0)\r\n`cordova plugin add cordova-plugin-app-update`\r\n\r\n#Usage\r\n - Simple:\r\n```js\r\nwindow.AppUpdate.checkAppUpdate(onSuccess, onFail);\r\n```\r\n - verbose\r\n```js\r\nvar appUpdate = cordova.require(\'cordova/AppUpdate\');\r\nappUpdate.checkAppUpdate(onSuccess, onFail);\r\n```\r\n\r\n#Platforms\r\nAndroid only\r\n\r\n#License\r\nMIT\r\n',
29 silly publish   readmeFilename: 'README.md',
29 silly publish   gitHead: '4dbdbdff2e96bb5751fe112e6c391e0c29e163c7',
29 silly publish   _id: 'cordova-plugin-app-update@0.0.1',
29 silly publish   scripts: {},
29 silly publish   _shasum: 'd68e10826d9f074358c14551844bb7abab8d3f82',
29 silly publish   _from: '.' }
30 verbose request where is /cordova-plugin-app-update
31 verbose request registry https://registry.npmjs.org/
32 verbose request id 34aa2039bbfc1b6a
33 verbose url raw /cordova-plugin-app-update
34 verbose url resolving [ 'https://registry.npmjs.org/', './cordova-plugin-app-update' ]
35 verbose url resolved https://registry.npmjs.org/cordova-plugin-app-update
36 verbose request where is https://registry.npmjs.org/cordova-plugin-app-update
37 info trying registry request attempt 1 at 13:33:06
38 http PUT https://registry.npmjs.org/cordova-plugin-app-update
39 http 403 https://registry.npmjs.org/cordova-plugin-app-update
40 verbose headers { 'content-type': 'application/json',
40 verbose headers   'cache-control': 'max-age=60',
40 verbose headers   'content-length': '95',
40 verbose headers   'accept-ranges': 'bytes',
40 verbose headers   date: 'Sat, 31 Oct 2015 05:33:01 GMT',
40 verbose headers   via: '1.1 varnish',
40 verbose headers   connection: 'keep-alive',
40 verbose headers   'x-served-by': 'cache-sjc3135-SJC',
40 verbose headers   'x-cache': 'MISS',
40 verbose headers   'x-cache-hits': '0',
40 verbose headers   'x-timer': 'S1446269580.135314,VS0,VE976' }
41 error publish Failed PUT 403
42 error Error: "You cannot publish over the previously published version 0.0.1." : cordova-plugin-app-update
42 error     at RegClient.<anonymous> (C:\Program Files\nodejs\node_modules\npm\node_modules\npm-registry-client\lib\request.js:308:14)
42 error     at Request._callback (C:\Program Files\nodejs\node_modules\npm\node_modules\npm-registry-client\lib\request.js:246:65)
42 error     at Request.self.callback (C:\Program Files\nodejs\node_modules\npm\node_modules\request\request.js:236:22)
42 error     at Request.emit (events.js:98:17)
42 error     at Request.<anonymous> (C:\Program Files\nodejs\node_modules\npm\node_modules\request\request.js:1142:14)
42 error     at Request.emit (events.js:117:20)
42 error     at IncomingMessage.<anonymous> (C:\Program Files\nodejs\node_modules\npm\node_modules\request\request.js:1096:12)
42 error     at IncomingMessage.emit (events.js:117:20)
42 error     at _stream_readable.js:943:16
42 error     at process._tickCallback (node.js:419:13)
43 error If you need help, you may report this *entire* log,
43 error including the npm and node versions, at:
43 error     <http://github.com/npm/npm/issues>
44 error System Windows_NT 6.1.7601
45 error command "C:\\Program Files\\nodejs\\\\node.exe" "C:\\Program Files\\nodejs\\node_modules\\npm\\bin\\npm-cli.js" "publish" "."
46 error cwd F:\tmp\AppUpdater\AppUpdateGit
47 error node -v v0.10.32
48 error npm -v 1.4.28
49 verbose exit [ 1, true ]
